2025-10-17 22:28:53,635 DEBUG    root            Loaded Command Group: ['gcloud', 'components']
2025-10-17 22:28:53,668 DEBUG    root            Loaded Command Group: ['gcloud', 'components', 'update']
2025-10-17 22:28:53,670 DEBUG    root            Running [gcloud.components.update] with arguments: [--quiet: "True", COMPONENT-IDS:8: "['gcloud', 'core', 'bq', 'gsutil', 'compute', 'preview', 'alpha', 'beta']"]
2025-10-17 22:28:53,672 INFO     ___FILE_ONLY___ Beginning update. This process may take several minutes.

2025-10-17 22:28:53,681 DEBUG    urllib3.connectionpool Starting new HTTPS connection (1): dl.google.com:443
2025-10-17 22:28:53,761 DEBUG    urllib3.connectionpool https://dl.google.com:443 "GET /dl/cloudsdk/channels/rapid/components-2.json HTTP/11" 200 233157
2025-10-17 22:28:53,773 WARNING  root            Component [compute] no longer exists.
2025-10-17 22:28:53,774 INFO     ___FILE_ONLY___ 

2025-10-17 22:28:53,774 INFO     ___FILE_ONLY___ 
Your current Google Cloud CLI version is: 543.0.0

2025-10-17 22:28:53,774 INFO     ___FILE_ONLY___ Installing components from version: 543.0.0

2025-10-17 22:28:53,774 INFO     ___FILE_ONLY___ 

2025-10-17 22:28:53,775 DEBUG    root            Chosen display Format:table[box,title="These components will be removed."](details.display_name:label=Name:align=left,version.version_string:label=Version:align=right,data.size.size(zero="",min=1048576):label=Size:align=right)
2025-10-17 22:28:53,775 DEBUG    root            Chosen display Format:table[box,title="These components will be updated."](details.display_name:label=Name:align=left,version.version_string:label=Version:align=right,data.size.size(zero="",min=1048576):label=Size:align=right)
2025-10-17 22:28:53,776 DEBUG    root            Chosen display Format:table[box,title="These components will be installed."](details.display_name:label=Name:align=left,version.version_string:label=Version:align=right,data.size.size(zero="",min=1048576):label=Size:align=right)
2025-10-17 22:28:53,792 INFO     ___FILE_ONLY___ ┌────────────────────────────────────────────────┐
2025-10-17 22:28:53,792 INFO     ___FILE_ONLY___ 

2025-10-17 22:28:53,793 INFO     ___FILE_ONLY___ │      These components will be installed.       │
2025-10-17 22:28:53,793 INFO     ___FILE_ONLY___ 

2025-10-17 22:28:53,793 INFO     ___FILE_ONLY___ ├─────────────────────────┬────────────┬─────────┤
2025-10-17 22:28:53,793 INFO     ___FILE_ONLY___ 

2025-10-17 22:28:53,793 INFO     ___FILE_ONLY___ │           Name          │  Version   │   Size  │
2025-10-17 22:28:53,793 INFO     ___FILE_ONLY___ 

2025-10-17 22:28:53,793 INFO     ___FILE_ONLY___ ├─────────────────────────┼────────────┼─────────┤
2025-10-17 22:28:53,793 INFO     ___FILE_ONLY___ 

2025-10-17 22:28:53,793 INFO     ___FILE_ONLY___ │ 
2025-10-17 22:28:53,793 INFO     ___FILE_ONLY___ gcloud Alpha Commands  
2025-10-17 22:28:53,793 INFO     ___FILE_ONLY___  
2025-10-17 22:28:53,793 INFO     ___FILE_ONLY___ │ 
2025-10-17 22:28:53,793 INFO     ___FILE_ONLY___ 2025.10.10
2025-10-17 22:28:53,793 INFO     ___FILE_ONLY___  
2025-10-17 22:28:53,793 INFO     ___FILE_ONLY___ │ 
2025-10-17 22:28:53,793 INFO     ___FILE_ONLY___ < 1 MiB
2025-10-17 22:28:53,793 INFO     ___FILE_ONLY___  
2025-10-17 22:28:53,794 INFO     ___FILE_ONLY___ │
2025-10-17 22:28:53,794 INFO     ___FILE_ONLY___ 

2025-10-17 22:28:53,794 INFO     ___FILE_ONLY___ │ 
2025-10-17 22:28:53,794 INFO     ___FILE_ONLY___ gcloud Beta Commands   
2025-10-17 22:28:53,794 INFO     ___FILE_ONLY___  
2025-10-17 22:28:53,794 INFO     ___FILE_ONLY___ │ 
2025-10-17 22:28:53,794 INFO     ___FILE_ONLY___ 2025.10.10
2025-10-17 22:28:53,794 INFO     ___FILE_ONLY___  
2025-10-17 22:28:53,794 INFO     ___FILE_ONLY___ │ 
2025-10-17 22:28:53,794 INFO     ___FILE_ONLY___ < 1 MiB
2025-10-17 22:28:53,794 INFO     ___FILE_ONLY___  
2025-10-17 22:28:53,794 INFO     ___FILE_ONLY___ │
2025-10-17 22:28:53,794 INFO     ___FILE_ONLY___ 

2025-10-17 22:28:53,794 INFO     ___FILE_ONLY___ │ 
2025-10-17 22:28:53,794 INFO     ___FILE_ONLY___ gcloud Preview Commands
2025-10-17 22:28:53,794 INFO     ___FILE_ONLY___  
2025-10-17 22:28:53,794 INFO     ___FILE_ONLY___ │ 
2025-10-17 22:28:53,794 INFO     ___FILE_ONLY___           
2025-10-17 22:28:53,794 INFO     ___FILE_ONLY___  
2025-10-17 22:28:53,794 INFO     ___FILE_ONLY___ │ 
2025-10-17 22:28:53,794 INFO     ___FILE_ONLY___ < 1 MiB
2025-10-17 22:28:53,795 INFO     ___FILE_ONLY___  
2025-10-17 22:28:53,795 INFO     ___FILE_ONLY___ │
2025-10-17 22:28:53,795 INFO     ___FILE_ONLY___ 

2025-10-17 22:28:53,795 INFO     ___FILE_ONLY___ └─────────────────────────┴────────────┴─────────┘
2025-10-17 22:28:53,795 INFO     ___FILE_ONLY___ 

2025-10-17 22:28:53,795 INFO     ___FILE_ONLY___ 

2025-10-17 22:28:53,798 DEBUG    urllib3.connectionpool Starting new HTTPS connection (1): dl.google.com:443
2025-10-17 22:28:53,882 DEBUG    urllib3.connectionpool https://dl.google.com:443 "GET /dl/cloudsdk/channels/rapid/RELEASE_NOTES HTTP/11" 200 1499632
2025-10-17 22:28:54,392 INFO     ___FILE_ONLY___ For the latest full release notes, please visit:
  https://cloud.google.com/sdk/release_notes


2025-10-17 22:28:54,392 INFO     ___FILE_ONLY___ Performing in place update...


2025-10-17 22:28:54,394 INFO     ___FILE_ONLY___ ╔════════════════════════════════════════════════════════════╗

2025-10-17 22:28:54,395 INFO     ___FILE_ONLY___ ╠═ Downloading: gcloud Alpha Commands                       ═╣

2025-10-17 22:28:54,395 INFO     ___FILE_ONLY___ ╚
2025-10-17 22:28:54,397 DEBUG    urllib3.connectionpool Starting new HTTPS connection (1): dl.google.com:443
2025-10-17 22:28:54,483 DEBUG    urllib3.connectionpool https://dl.google.com:443 "GET /dl/cloudsdk/channels/rapid/components/google-cloud-sdk-alpha-20251010143653.tar.gz HTTP/11" 200 800
2025-10-17 22:28:54,484 INFO     ___FILE_ONLY___ ════════════════════════════════════════════════════════════
2025-10-17 22:28:54,484 INFO     ___FILE_ONLY___ ╝

2025-10-17 22:28:54,486 INFO     ___FILE_ONLY___ ╔════════════════════════════════════════════════════════════╗

2025-10-17 22:28:54,486 INFO     ___FILE_ONLY___ ╠═ Downloading: gcloud Beta Commands                        ═╣

2025-10-17 22:28:54,486 INFO     ___FILE_ONLY___ ╚
2025-10-17 22:28:54,489 DEBUG    urllib3.connectionpool Starting new HTTPS connection (1): dl.google.com:443
2025-10-17 22:28:54,592 DEBUG    urllib3.connectionpool https://dl.google.com:443 "GET /dl/cloudsdk/channels/rapid/components/google-cloud-sdk-beta-20251010143653.tar.gz HTTP/11" 200 797
2025-10-17 22:28:54,593 INFO     ___FILE_ONLY___ ════════════════════════════════════════════════════════════
2025-10-17 22:28:54,593 INFO     ___FILE_ONLY___ ╝

2025-10-17 22:28:54,595 INFO     ___FILE_ONLY___ ╔════════════════════════════════════════════════════════════╗

2025-10-17 22:28:54,595 INFO     ___FILE_ONLY___ ╠═ Downloading: gcloud Preview Commands                     ═╣

2025-10-17 22:28:54,595 INFO     ___FILE_ONLY___ ╚
2025-10-17 22:28:54,598 DEBUG    urllib3.connectionpool Starting new HTTPS connection (1): dl.google.com:443
2025-10-17 22:28:54,715 DEBUG    urllib3.connectionpool https://dl.google.com:443 "GET /dl/cloudsdk/channels/rapid/components/google-cloud-sdk-preview-20241115154308.tar.gz HTTP/11" 200 823
2025-10-17 22:28:54,715 INFO     ___FILE_ONLY___ ════════════════════════════════════════════════════════════
2025-10-17 22:28:54,716 INFO     ___FILE_ONLY___ ╝

2025-10-17 22:28:54,718 INFO     ___FILE_ONLY___ ╔════════════════════════════════════════════════════════════╗

2025-10-17 22:28:54,718 INFO     ___FILE_ONLY___ ╠═ Installing: gcloud Alpha Commands                        ═╣

2025-10-17 22:28:54,718 INFO     ___FILE_ONLY___ ╚
2025-10-17 22:28:54,719 INFO     ___FILE_ONLY___ ════════════════════════════════════════════════════════════
2025-10-17 22:28:54,719 INFO     ___FILE_ONLY___ ╝

2025-10-17 22:28:54,724 INFO     ___FILE_ONLY___ ╔════════════════════════════════════════════════════════════╗

2025-10-17 22:28:54,725 INFO     ___FILE_ONLY___ ╠═ Installing: gcloud Beta Commands                         ═╣

2025-10-17 22:28:54,725 INFO     ___FILE_ONLY___ ╚
2025-10-17 22:28:54,725 INFO     ___FILE_ONLY___ ════════════════════════════════════════════════════════════
2025-10-17 22:28:54,726 INFO     ___FILE_ONLY___ ╝

2025-10-17 22:28:54,730 INFO     ___FILE_ONLY___ ╔════════════════════════════════════════════════════════════╗

2025-10-17 22:28:54,730 INFO     ___FILE_ONLY___ ╠═ Installing: gcloud Preview Commands                      ═╣

2025-10-17 22:28:54,730 INFO     ___FILE_ONLY___ ╚
2025-10-17 22:28:54,731 INFO     ___FILE_ONLY___ ════════════════════════════════════════════════════════════
2025-10-17 22:28:54,731 INFO     ___FILE_ONLY___ ╝

2025-10-17 22:28:54,736 DEBUG    root            Updating notification cache...
2025-10-17 22:28:54,737 INFO     ___FILE_ONLY___ 

2025-10-17 22:28:54,739 INFO     ___FILE_ONLY___ Performing post processing steps...
2025-10-17 22:28:54,739 DEBUG    root            Executing command: ['/tools/google-cloud-sdk/bin/gcloud', 'components', 'post-process']
2025-10-17 22:29:04,509 DEBUG    ___FILE_ONLY___ 
2025-10-17 22:29:04,509 DEBUG    ___FILE_ONLY___ 
2025-10-17 22:29:04,756 INFO     root            descriptor_list: [{'universeDomain': 'googleapis.com', 'universeShortName': '', 'authenticationDomain': 'auth.cloud.google.com', 'projectPrefix': '', 'cloudWebDomain': 'cloud.google.com', 'documentationDomain': 'cloud.google.com', 'version': '1.0.0', 'state': 'primary', 'artifactRegistryDomain': 'pkg.dev'}]
2025-10-17 22:29:04,756 INFO     ___FILE_ONLY___ 
Update done!


2025-10-17 22:29:04,759 DEBUG    root            Chosen display Format:none
2025-10-17 22:29:04,759 INFO     root            Display format: "none"
